[debug] [2022-10-31T11:23:00.268Z] ----------------------------------------------------------------------
[debug] [2022-10-31T11:23:00.269Z] Command:       /usr/local/bin/firebase /Users/pierre-louisdeu/.cache/firebase/tools/lib/node_modules/firebase-tools/lib/bin/firebase emulators:start
[debug] [2022-10-31T11:23:00.270Z] CLI Version:   11.13.0
[debug] [2022-10-31T11:23:00.270Z] Platform:      darwin
[debug] [2022-10-31T11:23:00.270Z] Node Version:  v16.16.0
[debug] [2022-10-31T11:23:00.277Z] Time:          Mon Oct 31 2022 12:23:00 GMT+0100 (GMT+01:00)
[debug] [2022-10-31T11:23:00.277Z] ----------------------------------------------------------------------
[debug] 
[debug] [2022-10-31T11:23:00.283Z] >>> [apiv2][query] GET https://firebase-public.firebaseio.com/cli.json [none]
[debug] [2022-10-31T11:23:00.401Z] > command requires scopes: ["email","openid","https://www.googleapis.com/auth/cloudplatformprojects.readonly","https://www.googleapis.com/auth/firebase","https://www.googleapis.com/auth/cloud-platform"]
[debug] [2022-10-31T11:23:00.403Z] > authorizing via signed-in user (pierrelouisdeu@gmail.com)
[info] i  emulators: Starting emulators: functions {"metadata":{"emulator":{"name":"hub"},"message":"Starting emulators: functions"}}
[debug] [2022-10-31T11:23:00.532Z] [hub] writing locator at /var/folders/g0/kl3h_pmn6gz5y586tfd4v51r0000gn/T/hub-nosql-folders.json
[warn] ⚠  functions: The following emulators are not running, calls to these services from the Functions emulator will affect production: auth, firestore, database, hosting, pubsub, storage, eventarc {"metadata":{"emulator":{"name":"functions"},"message":"The following emulators are not running, calls to these services from the Functions emulator will affect production: \u001b[1mauth, firestore, database, hosting, pubsub, storage, eventarc\u001b[22m"}}
[info] ✔  functions: Using node@16 from host. {"metadata":{"emulator":{"name":"functions"},"message":"Using node@16 from host."}}
[debug] [2022-10-31T11:23:00.589Z] defaultcredentials: writing to file /Users/pierre-louisdeu/.config/firebase/pierrelouisdeu_gmail_com_application_default_credentials.json
[debug] [2022-10-31T11:23:00.606Z] Setting GAC to /Users/pierre-louisdeu/.config/firebase/pierrelouisdeu_gmail_com_application_default_credentials.json {"metadata":{"emulator":{"name":"functions"},"message":"Setting GAC to /Users/pierre-louisdeu/.config/firebase/pierrelouisdeu_gmail_com_application_default_credentials.json"}}
[debug] [2022-10-31T11:23:00.609Z] > refreshing access token with scopes: []
[debug] [2022-10-31T11:23:00.611Z] >>> [apiv2][query] POST https://www.googleapis.com/oauth2/v3/token [none]
[debug] [2022-10-31T11:23:00.612Z] >>> [apiv2][body] POST https://www.googleapis.com/oauth2/v3/token [omitted]
[debug] [2022-10-31T11:23:00.821Z] <<< [apiv2][status] GET https://firebase-public.firebaseio.com/cli.json 200
[debug] [2022-10-31T11:23:00.827Z] <<< [apiv2][body] GET https://firebase-public.firebaseio.com/cli.json {"cloudBuildErrorAfter":1594252800000,"cloudBuildWarnAfter":1590019200000,"defaultNode10After":1594252800000,"minVersion":"3.0.5","node8DeploysDisabledAfter":1613390400000,"node8RuntimeDisabledAfter":1615809600000,"node8WarnAfter":1600128000000}
[debug] [2022-10-31T11:23:00.978Z] <<< [apiv2][status] POST https://www.googleapis.com/oauth2/v3/token 200
[debug] [2022-10-31T11:23:00.979Z] <<< [apiv2][body] POST https://www.googleapis.com/oauth2/v3/token [omitted]
[debug] [2022-10-31T11:23:01.034Z] >>> [apiv2][query] GET https://firebase.googleapis.com/v1beta1/projects/nosql-folders/adminSdkConfig [none]
[debug] [2022-10-31T11:23:01.656Z] <<< [apiv2][status] GET https://firebase.googleapis.com/v1beta1/projects/nosql-folders/adminSdkConfig 200
[debug] [2022-10-31T11:23:01.657Z] <<< [apiv2][body] GET https://firebase.googleapis.com/v1beta1/projects/nosql-folders/adminSdkConfig {"projectId":"nosql-folders","databaseURL":"https://nosql-folders-default-rtdb.europe-west1.firebasedatabase.app","storageBucket":"nosql-folders.appspot.com","locationId":"europe-west"}
[info] i  ui: downloading ui-v1.9.0.zip... {"metadata":{"emulator":{"name":"ui"},"message":"downloading ui-v1.9.0.zip..."}}
[debug] [2022-10-31T11:23:01.873Z] >>> [apiv2][query] GET https://storage.googleapis.com/firebase-preview-drop/emulator/ui-v1.9.0.zip 
[debug] [2022-10-31T11:23:02.336Z] <<< [apiv2][status] GET https://storage.googleapis.com/firebase-preview-drop/emulator/ui-v1.9.0.zip 200
[debug] [2022-10-31T11:23:02.336Z] <<< [apiv2][body] GET https://storage.googleapis.com/firebase-preview-drop/emulator/ui-v1.9.0.zip [stream]
[debug] [2022-10-31T11:23:02.809Z] Ignoring unsupported arg: auto_download {"metadata":{"emulator":{"name":"ui"},"message":"Ignoring unsupported arg: auto_download"}}
[debug] [2022-10-31T11:23:02.811Z] Ignoring unsupported arg: port {"metadata":{"emulator":{"name":"ui"},"message":"Ignoring unsupported arg: port"}}
[debug] [2022-10-31T11:23:02.812Z] Starting Emulator UI with command {"binary":"node","args":["/Users/pierre-louisdeu/.cache/firebase/emulators/ui-v1.9.0/server/server.js"],"optionalArgs":[],"joinArgs":false} {"metadata":{"emulator":{"name":"ui"},"message":"Starting Emulator UI with command {\"binary\":\"node\",\"args\":[\"/Users/pierre-louisdeu/.cache/firebase/emulators/ui-v1.9.0/server/server.js\"],\"optionalArgs\":[],\"joinArgs\":false}"}}
[info] i  ui: Emulator UI logging to ui-debug.log {"metadata":{"emulator":{"name":"ui"},"message":"Emulator UI logging to \u001b[1mui-debug.log\u001b[22m"}}
[debug] [2022-10-31T11:23:03.064Z] Web / API server started at localhost:4000
 {"metadata":{"emulator":{"name":"ui"},"message":"Web / API server started at localhost:4000\n"}}
[info] i  functions: Watching "/Users/pierre-louisdeu/Documents/Dev/folder-structure/functions" for Cloud Functions... {"metadata":{"emulator":{"name":"functions"},"message":"Watching \"/Users/pierre-louisdeu/Documents/Dev/folder-structure/functions\" for Cloud Functions..."}}
[debug] [2022-10-31T11:23:03.140Z] Validating nodejs source
[warn] ⚠  functions: package.json indicates an outdated version of firebase-functions. Please upgrade using npm install --save firebase-functions@latest in your functions directory. 
[warn] ⚠  functions: Please note that there will be breaking changes when you upgrade. 
[debug] [2022-10-31T11:23:05.900Z] > [functions] package.json contents: {
  "name": "functions",
  "description": "Cloud Functions for Firebase",
  "scripts": {
    "serve": "firebase emulators:start --only functions",
    "shell": "firebase functions:shell",
    "start": "npm run shell",
    "deploy": "firebase deploy --only functions",
    "logs": "firebase functions:log"
  },
  "engines": {
    "node": "16"
  },
  "main": "index.js",
  "dependencies": {
    "firebase-admin": "^10.0.2",
    "firebase-functions": "^3.18.0"
  },
  "devDependencies": {
    "firebase-functions-test": "^0.2.0"
  },
  "private": true
}
[debug] [2022-10-31T11:23:05.901Z] Building nodejs source
[debug] [2022-10-31T11:23:05.901Z] Analyzing nodejs backend spec
[debug] [2022-10-31T11:23:05.903Z] Could not find functions.yaml. Must use http discovery
[debug] [2022-10-31T11:23:06.498Z] Serving at port 9005

[debug] [2022-10-31T11:23:06.555Z] Got response from /__/functions.yaml {"endpoints":{"helloWorld":{"platform":"gcfv1","httpsTrigger":{},"entryPoint":"helloWorld"},"addMessage":{"platform":"gcfv1","httpsTrigger":{},"entryPoint":"addMessage"},"makeUppercase":{"platform":"gcfv1","eventTrigger":{"eventType":"providers/cloud.firestore/eventTypes/document.create","eventFilters":{"resource":"projects/nosql-folders/databases/(default)/documents/messages/{documentId}"},"retry":false},"labels":{},"entryPoint":"makeUppercase"}},"specVersion":"v1alpha1","requiredAPIs":[]}
[debug] [2022-10-31T11:23:06.572Z] shutdown requested via /__/quitquitquit

[info] ✔  functions: Loaded functions definitions from source: helloWorld, addMessage, makeUppercase. {"metadata":{"emulator":{"name":"functions"},"message":"Loaded functions definitions from source: helloWorld, addMessage, makeUppercase."}}
[info] ✔  functions[us-central1-helloWorld]: http function initialized (http://localhost:5001/nosql-folders/us-central1/helloWorld). {"metadata":{"emulator":{"name":"functions"},"message":"\u001b[1mhttp\u001b[22m function initialized (http://localhost:5001/nosql-folders/us-central1/helloWorld)."}}
[info] ✔  functions[us-central1-addMessage]: http function initialized (http://localhost:5001/nosql-folders/us-central1/addMessage). {"metadata":{"emulator":{"name":"functions"},"message":"\u001b[1mhttp\u001b[22m function initialized (http://localhost:5001/nosql-folders/us-central1/addMessage)."}}
[info] i  functions[us-central1-makeUppercase]: function ignored because the firestore emulator does not exist or is not running. {"metadata":{"emulator":{"name":"functions"},"message":"function ignored because the firestore emulator does not exist or is not running."}}
[info] 
┌─────────────────────────────────────────────────────────────┐
│ ✔  All emulators ready! It is now safe to connect your app. │
│ i  View Emulator UI at http://localhost:4000                │
└─────────────────────────────────────────────────────────────┘

┌───────────┬────────────────┬─────────────────────────────────┐
│ Emulator  │ Host:Port      │ View in Emulator UI             │
├───────────┼────────────────┼─────────────────────────────────┤
│ Functions │ localhost:5001 │ http://localhost:4000/functions │
└───────────┴────────────────┴─────────────────────────────────┘
  Emulator Hub running at localhost:4400
  Other reserved ports: 4500

Issues? Report them at https://github.com/firebase/firebase-tools/issues and attach the *-debug.log files.
 
[debug] [2022-10-31T11:30:45.915Z] Functions emulator received unknown request at path /MY_PROJECT/us-central1/addMessage
[debug] [2022-10-31T11:30:46.046Z] Functions emulator received unknown request at path /favicon.ico
[debug] [2022-10-31T11:31:20.970Z] Functions emulator received unknown request at path /us-central1-nosql-folders.cloudfunctions.net/us-central1/addMessage
[debug] [2022-10-31T11:32:23.225Z] [work-queue] {"queueLength":1,"workRunningCount":0}
[debug] [2022-10-31T11:32:23.226Z] [work-queue] {"queueLength":0,"workRunningCount":1}
[debug] [2022-10-31T11:32:23.233Z] Accepted request GET /nosql-folders/us-central1/addMessage?text=uppercaseme --> us-central1-addMessage
[debug] [2022-10-31T11:32:23.290Z] [functions] Runtime ready! Sending request! {"metadata":{"emulator":{"name":"functions"},"message":"[functions] Runtime ready! Sending request!"}}
[debug] [2022-10-31T11:32:23.291Z] [functions] Got req.url=/nosql-folders/us-central1/addMessage?text=uppercaseme, mapping to path=/?text=uppercaseme {"metadata":{"emulator":{"name":"functions"},"message":"[functions] Got req.url=/nosql-folders/us-central1/addMessage?text=uppercaseme, mapping to path=/?text=uppercaseme"}}
[debug] [2022-10-31T11:32:23.477Z] [worker-pool] addWorker(us-central1-addMessage) {"metadata":{"emulator":{"name":"functions"},"message":"[worker-pool] addWorker(us-central1-addMessage)"}}
[debug] [2022-10-31T11:32:23.478Z] [worker-pool] Adding worker with key us-central1-addMessage, total=1 {"metadata":{"emulator":{"name":"functions"},"message":"[worker-pool] Adding worker with key us-central1-addMessage, total=1"}}
[debug] [2022-10-31T11:32:25.095Z] [runtime-status] [4844] Resolved module firebase-admin {"declared":true,"installed":true,"version":"10.3.0","resolution":"/Users/pierre-louisdeu/Documents/Dev/folder-structure/functions/node_modules/firebase-admin/lib/index.js"} {"metadata":{"emulator":{"name":"functions"},"function":{"name":"us-central1-addMessage"},"extension":{},"message":"[runtime-status] [4844] Resolved module firebase-admin {\"declared\":true,\"installed\":true,\"version\":\"10.3.0\",\"resolution\":\"/Users/pierre-louisdeu/Documents/Dev/folder-structure/functions/node_modules/firebase-admin/lib/index.js\"}"}}
[debug] [2022-10-31T11:32:25.096Z] [runtime-status] [4844] Resolved module firebase-functions {"declared":true,"installed":true,"version":"3.24.1","resolution":"/Users/pierre-louisdeu/Documents/Dev/folder-structure/functions/node_modules/firebase-functions/lib/index.js"} {"metadata":{"emulator":{"name":"functions"},"function":{"name":"us-central1-addMessage"},"extension":{},"message":"[runtime-status] [4844] Resolved module firebase-functions {\"declared\":true,\"installed\":true,\"version\":\"3.24.1\",\"resolution\":\"/Users/pierre-louisdeu/Documents/Dev/folder-structure/functions/node_modules/firebase-functions/lib/index.js\"}"}}
[debug] [2022-10-31T11:32:25.096Z] [runtime-status] [4844] Outgoing network have been stubbed. [{"name":"http","status":"mocked"},{"name":"http","status":"mocked"},{"name":"https","status":"mocked"},{"name":"https","status":"mocked"},{"name":"net","status":"mocked"}] {"metadata":{"emulator":{"name":"functions"},"function":{"name":"us-central1-addMessage"},"extension":{},"message":"[runtime-status] [4844] Outgoing network have been stubbed. [{\"name\":\"http\",\"status\":\"mocked\"},{\"name\":\"http\",\"status\":\"mocked\"},{\"name\":\"https\",\"status\":\"mocked\"},{\"name\":\"https\",\"status\":\"mocked\"},{\"name\":\"net\",\"status\":\"mocked\"}]"}}
[debug] [2022-10-31T11:32:25.097Z] [runtime-status] [4844] Resolved module firebase-functions {"declared":true,"installed":true,"version":"3.24.1","resolution":"/Users/pierre-louisdeu/Documents/Dev/folder-structure/functions/node_modules/firebase-functions/lib/index.js"} {"metadata":{"emulator":{"name":"functions"},"function":{"name":"us-central1-addMessage"},"extension":{},"message":"[runtime-status] [4844] Resolved module firebase-functions {\"declared\":true,\"installed\":true,\"version\":\"3.24.1\",\"resolution\":\"/Users/pierre-louisdeu/Documents/Dev/folder-structure/functions/node_modules/firebase-functions/lib/index.js\"}"}}
[debug] [2022-10-31T11:32:25.128Z] [runtime-status] [4844] Checked functions.config() {"config":{}} {"metadata":{"emulator":{"name":"functions"},"function":{"name":"us-central1-addMessage"},"extension":{},"message":"[runtime-status] [4844] Checked functions.config() {\"config\":{}}"}}
[debug] [2022-10-31T11:32:25.128Z] [runtime-status] [4844] firebase-functions has been stubbed. {"functionsResolution":{"declared":true,"installed":true,"version":"3.24.1","resolution":"/Users/pierre-louisdeu/Documents/Dev/folder-structure/functions/node_modules/firebase-functions/lib/index.js"}} {"metadata":{"emulator":{"name":"functions"},"function":{"name":"us-central1-addMessage"},"extension":{},"message":"[runtime-status] [4844] firebase-functions has been stubbed. {\"functionsResolution\":{\"declared\":true,\"installed\":true,\"version\":\"3.24.1\",\"resolution\":\"/Users/pierre-louisdeu/Documents/Dev/folder-structure/functions/node_modules/firebase-functions/lib/index.js\"}}"}}
[debug] [2022-10-31T11:32:25.129Z] [runtime-status] [4844] Resolved module firebase-functions {"declared":true,"installed":true,"version":"3.24.1","resolution":"/Users/pierre-louisdeu/Documents/Dev/folder-structure/functions/node_modules/firebase-functions/lib/index.js"} {"metadata":{"emulator":{"name":"functions"},"function":{"name":"us-central1-addMessage"},"extension":{},"message":"[runtime-status] [4844] Resolved module firebase-functions {\"declared\":true,\"installed\":true,\"version\":\"3.24.1\",\"resolution\":\"/Users/pierre-louisdeu/Documents/Dev/folder-structure/functions/node_modules/firebase-functions/lib/index.js\"}"}}
[debug] [2022-10-31T11:32:25.130Z] [runtime-status] [4844] Resolved module firebase-admin {"declared":true,"installed":true,"version":"10.3.0","resolution":"/Users/pierre-louisdeu/Documents/Dev/folder-structure/functions/node_modules/firebase-admin/lib/index.js"} {"metadata":{"emulator":{"name":"functions"},"function":{"name":"us-central1-addMessage"},"extension":{},"message":"[runtime-status] [4844] Resolved module firebase-admin {\"declared\":true,\"installed\":true,\"version\":\"10.3.0\",\"resolution\":\"/Users/pierre-louisdeu/Documents/Dev/folder-structure/functions/node_modules/firebase-admin/lib/index.js\"}"}}
[debug] [2022-10-31T11:32:25.130Z] [runtime-status] [4844] Resolved module firebase-functions {"declared":true,"installed":true,"version":"3.24.1","resolution":"/Users/pierre-louisdeu/Documents/Dev/folder-structure/functions/node_modules/firebase-functions/lib/index.js"} {"metadata":{"emulator":{"name":"functions"},"function":{"name":"us-central1-addMessage"},"extension":{},"message":"[runtime-status] [4844] Resolved module firebase-functions {\"declared\":true,\"installed\":true,\"version\":\"3.24.1\",\"resolution\":\"/Users/pierre-louisdeu/Documents/Dev/folder-structure/functions/node_modules/firebase-functions/lib/index.js\"}"}}
[debug] [2022-10-31T11:32:25.131Z] [runtime-status] [4844] firebase-admin has been stubbed. {"adminResolution":{"declared":true,"installed":true,"version":"10.3.0","resolution":"/Users/pierre-louisdeu/Documents/Dev/folder-structure/functions/node_modules/firebase-admin/lib/index.js"}} {"metadata":{"emulator":{"name":"functions"},"function":{"name":"us-central1-addMessage"},"extension":{},"message":"[runtime-status] [4844] firebase-admin has been stubbed. {\"adminResolution\":{\"declared\":true,\"installed\":true,\"version\":\"10.3.0\",\"resolution\":\"/Users/pierre-louisdeu/Documents/Dev/folder-structure/functions/node_modules/firebase-admin/lib/index.js\"}}"}}
[debug] [2022-10-31T11:32:25.132Z] [runtime-status] [4844] initializeApp(DEFAULT) {"storageBucket":"nosql-folders.appspot.com","databaseURL":"https://nosql-folders-default-rtdb.europe-west1.firebasedatabase.app","projectId":"nosql-folders"} {"metadata":{"emulator":{"name":"functions"},"function":{"name":"us-central1-addMessage"},"extension":{},"message":"[runtime-status] [4844] initializeApp(DEFAULT) {\"storageBucket\":\"nosql-folders.appspot.com\",\"databaseURL\":\"https://nosql-folders-default-rtdb.europe-west1.firebasedatabase.app\",\"projectId\":\"nosql-folders\"}"}}
[debug] [2022-10-31T11:32:25.139Z] [runtime-status] [4844] Functions runtime initialized. {"cwd":"/Users/pierre-louisdeu/Documents/Dev/folder-structure/functions","node_version":"16.16.0"} {"metadata":{"emulator":{"name":"functions"},"function":{"name":"us-central1-addMessage"},"extension":{},"message":"[runtime-status] [4844] Functions runtime initialized. {\"cwd\":\"/Users/pierre-louisdeu/Documents/Dev/folder-structure/functions\",\"node_version\":\"16.16.0\"}"}}
[debug] [2022-10-31T11:32:25.140Z] [runtime-status] [4844] Listening to port: /var/folders/g0/kl3h_pmn6gz5y586tfd4v51r0000gn/T/fire_emu_d2236a5b37c1e204.sock {"metadata":{"emulator":{"name":"functions"},"function":{"name":"us-central1-addMessage"},"extension":{},"message":"[runtime-status] [4844] Listening to port: /var/folders/g0/kl3h_pmn6gz5y586tfd4v51r0000gn/T/fire_emu_d2236a5b37c1e204.sock"}}
[debug] [2022-10-31T11:32:25.210Z] [worker-pool] submitRequest(triggerId=us-central1-addMessage) {"metadata":{"emulator":{"name":"functions"},"message":"[worker-pool] submitRequest(triggerId=us-central1-addMessage)"}}
[debug] [2022-10-31T11:32:25.211Z] [worker-us-central1-addMessage-62c27060-50f5-4717-8845-42b2b677030c]: BUSY {"metadata":{"emulator":{"name":"functions"},"message":"[worker-us-central1-addMessage-62c27060-50f5-4717-8845-42b2b677030c]: BUSY"}}
[info] i  functions: Beginning execution of "addMessage" {"metadata":{"emulator":{"name":"functions"},"function":{"name":"us-central1-addMessage"},"extension":{},"message":"Beginning execution of \"addMessage\""}}
[warn] ⚠  functions: The Cloud Firestore emulator is not running, so calls to Firestore will affect production. {"metadata":{"emulator":{"name":"functions"},"function":{"name":"us-central1-addMessage"},"extension":{},"message":"The Cloud Firestore emulator is not running, so calls to Firestore will affect production."}}
[warn] ⚠  Google API requested!
   - URL: "https://oauth2.googleapis.com/token"
   - Be careful, this may be a production service. {"metadata":{"emulator":{"name":"functions"},"function":{"name":"us-central1-addMessage"},"extension":{},"message":"Google API requested!\n   - URL: \"https://oauth2.googleapis.com/token\"\n   - Be careful, this may be a production service."}}
[debug] [2022-10-31T11:32:25.989Z] [worker-us-central1-addMessage-62c27060-50f5-4717-8845-42b2b677030c]: IDLE {"metadata":{"emulator":{"name":"functions"},"message":"[worker-us-central1-addMessage-62c27060-50f5-4717-8845-42b2b677030c]: IDLE"}}
[debug] [2022-10-31T11:32:25.989Z] [work-queue] {"queueLength":0,"workRunningCount":0}
[info] i  functions: Finished "addMessage" in 772.059042ms {"metadata":{"emulator":{"name":"functions"},"function":{"name":"us-central1-addMessage"},"extension":{},"message":"Finished \"addMessage\" in 772.059042ms"}}
[debug] [2022-10-31T11:34:56.089Z] [work-queue] {"queueLength":1,"workRunningCount":0}
[debug] [2022-10-31T11:34:56.093Z] [work-queue] {"queueLength":0,"workRunningCount":1}
[debug] [2022-10-31T11:34:56.093Z] Accepted request GET /nosql-folders/us-central1/addMessage?text=uppercaseme&_sort=id&_order=desc&_limit=1 --> us-central1-addMessage
[debug] [2022-10-31T11:34:56.127Z] [functions] Runtime ready! Sending request! {"metadata":{"emulator":{"name":"functions"},"message":"[functions] Runtime ready! Sending request!"}}
[debug] [2022-10-31T11:34:56.129Z] [functions] Got req.url=/nosql-folders/us-central1/addMessage?text=uppercaseme&_sort=id&_order=desc&_limit=1, mapping to path=/?text=uppercaseme&_sort=id&_order=desc&_limit=1 {"metadata":{"emulator":{"name":"functions"},"message":"[functions] Got req.url=/nosql-folders/us-central1/addMessage?text=uppercaseme&_sort=id&_order=desc&_limit=1, mapping to path=/?text=uppercaseme&_sort=id&_order=desc&_limit=1"}}
[debug] [2022-10-31T11:34:56.129Z] [worker-pool] submitRequest(triggerId=us-central1-addMessage) {"metadata":{"emulator":{"name":"functions"},"message":"[worker-pool] submitRequest(triggerId=us-central1-addMessage)"}}
[debug] [2022-10-31T11:34:56.130Z] [worker-us-central1-addMessage-62c27060-50f5-4717-8845-42b2b677030c]: BUSY {"metadata":{"emulator":{"name":"functions"},"message":"[worker-us-central1-addMessage-62c27060-50f5-4717-8845-42b2b677030c]: BUSY"}}
[info] i  functions: Beginning execution of "addMessage" {"metadata":{"emulator":{"name":"functions"},"function":{"name":"us-central1-addMessage"},"extension":{},"message":"Beginning execution of \"addMessage\""}}
[debug] [2022-10-31T11:34:56.331Z] [worker-us-central1-addMessage-62c27060-50f5-4717-8845-42b2b677030c]: IDLE {"metadata":{"emulator":{"name":"functions"},"message":"[worker-us-central1-addMessage-62c27060-50f5-4717-8845-42b2b677030c]: IDLE"}}
[debug] [2022-10-31T11:34:56.331Z] [work-queue] {"queueLength":0,"workRunningCount":0}
[info] i  functions: Finished "addMessage" in 112.44725ms {"metadata":{"emulator":{"name":"functions"},"function":{"name":"us-central1-addMessage"},"extension":{},"message":"Finished \"addMessage\" in 112.44725ms"}}
[debug] [2022-10-31T11:37:36.210Z] [work-queue] {"queueLength":1,"workRunningCount":0}
[debug] [2022-10-31T11:37:36.212Z] [work-queue] {"queueLength":0,"workRunningCount":1}
[debug] [2022-10-31T11:37:36.212Z] Accepted request GET /nosql-folders/us-central1/addMessage?text=test1 --> us-central1-addMessage
[debug] [2022-10-31T11:37:36.234Z] [functions] Runtime ready! Sending request! {"metadata":{"emulator":{"name":"functions"},"message":"[functions] Runtime ready! Sending request!"}}
[debug] [2022-10-31T11:37:36.235Z] [functions] Got req.url=/nosql-folders/us-central1/addMessage?text=test1, mapping to path=/?text=test1 {"metadata":{"emulator":{"name":"functions"},"message":"[functions] Got req.url=/nosql-folders/us-central1/addMessage?text=test1, mapping to path=/?text=test1"}}
[debug] [2022-10-31T11:37:36.236Z] [worker-pool] submitRequest(triggerId=us-central1-addMessage) {"metadata":{"emulator":{"name":"functions"},"message":"[worker-pool] submitRequest(triggerId=us-central1-addMessage)"}}
[debug] [2022-10-31T11:37:36.236Z] [worker-us-central1-addMessage-62c27060-50f5-4717-8845-42b2b677030c]: BUSY {"metadata":{"emulator":{"name":"functions"},"message":"[worker-us-central1-addMessage-62c27060-50f5-4717-8845-42b2b677030c]: BUSY"}}
[info] i  functions: Beginning execution of "addMessage" {"metadata":{"emulator":{"name":"functions"},"function":{"name":"us-central1-addMessage"},"extension":{},"message":"Beginning execution of \"addMessage\""}}
[debug] [2022-10-31T11:37:36.380Z] [worker-us-central1-addMessage-62c27060-50f5-4717-8845-42b2b677030c]: IDLE {"metadata":{"emulator":{"name":"functions"},"message":"[worker-us-central1-addMessage-62c27060-50f5-4717-8845-42b2b677030c]: IDLE"}}
[debug] [2022-10-31T11:37:36.380Z] [work-queue] {"queueLength":0,"workRunningCount":0}
[info] i  functions: Finished "addMessage" in 128.6575ms {"metadata":{"emulator":{"name":"functions"},"function":{"name":"us-central1-addMessage"},"extension":{},"message":"Finished \"addMessage\" in 128.6575ms"}}
